<?xml version="1.0" encoding="UTF-8"?>
<odoo>
  <data>

    <record id="sale_order_form" model="ir.ui.view">
      <field name="name">sale.order.form</field>
      <field name="model">sale.order</field>
      <field name="arch" type="xml">
        <form>
          <sheet>
            <field name="partner_id"/>

          </sheet>
        </form>
      </field>
    </record>

  </data>
</odoo>
