<!-- Test file for Smart Validation & Highlight Error Range Demo -->
<!-- Uncomment different sections to test validation and highlighting -->

<!-- VALID XML - Should format successfully -->
<?xml version="1.0" encoding="UTF-8"?>
<odoo>
    <record id="view_partner_form" model="ir.ui.view">
        <field name="name">res.partner.form</field>
        <field name="model">res.partner</field>
        <field name="arch" type="xml">
            <form>
                <field name="name"/>
                <field name="email"/>
            </form>
        </field>
    </record>
</odoo>

<!-- INVALID XML - Missing closing tag -->
<!-- Uncomment to test error highlighting:
<?xml version="1.0" encoding="UTF-8"?>
<odoo>
    <record id="test" model="ir.ui.view">
        <field name="name">Test
    </record>
</odoo>
This will:
1. Show popup warning
2. Highlight line 4 with red background
3. Scroll to line 4
4. Show error: "Expected closing tag 'field'"
-->

<!-- INVALID XML - Malformed attribute -->
<!-- Uncomment to test:
<?xml version="1.0" encoding="UTF-8"?>
<odoo>
    <record id="test" model="ir.ui.view">
        <field name="email"
    </record>
</odoo>
This will highlight line 4 and show malformed attribute error
-->

<!-- INVALID XML - Unclosed tag with long content -->
<!-- Uncomment to test line content truncation:
<?xml version="1.0" encoding="UTF-8"?>
<odoo>
    <record id="test_very_long_record_id_with_many_characters_that_will_be_truncated" model="ir.ui.view">
        <field name="name">Test</field
    </record>
</odoo>
This will show line content truncated to 20 chars + "..."
-->

<!--
TESTING INSTRUCTIONS:
1. Uncomment one of the invalid XML sections
2. Run "xml-formater: Format Document" command
3. Observe:
   - Popup warning appears
   - Error line highlighted in red
   - Editor scrolls to error
   - Highlight auto-clears after 5 seconds
4. Try editing the document - highlight clears immediately
5. Try switching to another file - highlight clears
6. Adjust highlight duration in settings:
   "xml-formater.highlightErrorDuration": 10000  // 10 seconds
-->

