<?xml version="1.0" encoding="UTF-8"?><odoo><data noupdate="0"><record id="test_view" model="ir.ui.view"><field name="name">Test View</field><field name="model">test.model</field><field name="arch" type="xml"><form string="Test Form"><sheet><group><field name="name"/><field name="description"/></group></sheet></form></field></record><menuitem id="menu_test" name="Test Menu" action="action_test" parent="base.menu_main"/></data></odoo>