<?xml version="1.0" encoding="UTF-8"?>
<odoo>
    <!-- This is a comment about the record -->
    <record id="test_record" model="test.model">
        <!-- Field comment -->
        <field name="name">Test Name</field>
        <!-- Another comment -->
        <field name="description">Test Description</field>
    </record>

    <!-- Multi-line comment
         This comment spans
         multiple lines -->
    <record id="second_record" model="test.model">
        <field name="active">True</field>
    </record>
</odoo>
