<odoo>
    <record id="agreement_form" model="ir.ui.view">
        <field name="name">agreement.form</field>
        <field name="model">agreement</field>
        <field name="inherit_id" ref="agreement.agreement_form"/>
        <field name="arch" type="xml">
            <xpath expr="//field[@name='partner_id']" position="before">
                <field name="domain_partner_id" invisible="1"/>
            </xpath>
        </field>
    </record>
    <record id="transfer_agreement_action" model="ir.actions.act_window">
        <field name="name">Transfer Agreement</field>
    </record>
    <record id="agreement.agreement_action" model="ir.actions.act_window">
        <field name="domain">[('domain', 'in', ['sale', 'purchase', None])]</field>
    </record>
    <menuitem
        action="transfer_agreement_action"
        groups="agreement.read"
        id="transfer_agreement_menu"
        name="Transfer"
        parent="agreement.agreement_menu_root"
        sequence="5"
    />
</odoo>
