<?xml version="1.0" encoding="UTF-8"?>
<odoo>
    <record id="view_test" model="ir.ui.view">
        <field name="name">Test View</field>
        <field name="model">res.partner</field>
        <field name="arch" type="xml">
            <tree>
                <field name="name"/>
                <field name="email"
                <!-- Missing closing tag here -->
            </tree>
        </field>
    </record>
</odoo>
