<?xml version="1.0" encoding="UTF-8"?>
<odoo>
    <data>
        <record id="model_test_1" model="ir.model">
            <field name="name">Test Model 1</field>
            <field name="model">test.model.one</field>
        </record>
        <record id="model_test_2" model="ir.model">
            <field name="name">Test Model 2</field>
            <field name="model">test.model.two</field>
        </record>
        <menuitem id="menu_test_1" name="Test Menu 1" parent="base.menu_administration"/>
        <menuitem id="menu_test_2" name="Test Menu 2" parent="base.menu_administration"/>
        <template id="template_test_1">
            <div>Template 1 Content</div>
        </template>
        <template id="template_test_2">
            <div>Template 2 Content</div>
        </template>
        <function model="res.partner" name="test_function">
            <value>some code</value>
        </function>
        <delete model="ir.model" id="old_model"/>
        <delete model="ir.model" id="another_old_model"/>
        <report id="report_test" model="sale.order" string="Sale Report"/>
    </data>
</odoo>
